
> @mono/shell@0.1.0 build /Users/mohammedalfaiez/Documents/mono-microfrontend/apps/next-shell
> next build

info  - Linting and checking validity of types...
warn  - The Next.js plugin was not detected in your ESLint configuration. See https://nextjs.org/docs/basic-features/eslint#migrating-existing-config

./src/component/main-links.tsx
16:17  Warning: 'pathname' is assigned a value but never used.  @typescript-eslint/no-unused-vars

./src/pages/[...slug].tsx
2:8  Warning: 'Head' is defined but never used.  @typescript-eslint/no-unused-vars
3:17  Warning: 'useCallback' is defined but never used.  @typescript-eslint/no-unused-vars
4:8  Warning: 'dynamic' is defined but never used.  @typescript-eslint/no-unused-vars
8:3  Warning: 'Button' is defined but never used.  @typescript-eslint/no-unused-vars
81:22  Warning: Forbidden non-null assertion.  @typescript-eslint/no-non-null-assertion
82:20  Warning: Forbidden non-null assertion.  @typescript-eslint/no-non-null-assertion
86:29  Warning: Forbidden non-null assertion.  @typescript-eslint/no-non-null-assertion

./src/pages/index.tsx
2:8  Warning: 'Head' is defined but never used.  @typescript-eslint/no-unused-vars
3:17  Warning: 'useCallback' is defined but never used.  @typescript-eslint/no-unused-vars
4:8  Warning: 'dynamic' is defined but never used.  @typescript-eslint/no-unused-vars
8:3  Warning: 'Button' is defined but never used.  @typescript-eslint/no-unused-vars

info  - Need to disable some ESLint rules? Learn more here: https://nextjs.org/docs/basic-features/eslint#disabling-rules
info  - Creating an optimized production build...
info  - Compiled successfully
info  - Collecting page data...
info  - Generating static pages (0/8)
info  - Generating static pages (2/8)
info  - Generating static pages (4/8)
info  - Generating static pages (6/8)
info  - Generating static pages (8/8)
info  - Finalizing page optimization...

Route (pages)                              Size     First Load JS
┌ ○ / (461 ms)                             4.17 kB         105 kB
├   /_app                                  0 B            88.7 kB
├ ○ /[...slug] (467 ms)                    9.37 kB         110 kB
└ ○ /404                                   181 B          88.8 kB
+ First Load JS shared by all              88.7 kB
  ├ chunks/framework-048b9b79c8a8a663.js   45.4 kB
  ├ chunks/main-8b3e8c36a1ad3978.js        27.8 kB
  ├ chunks/pages/_app-1d36a773c5e464d0.js  14.4 kB
  └ chunks/webpack-9ee85240e5d2ac6b.js     1.1 kB

○  (Static)  automatically rendered as static HTML (uses no initial props)

